8.4423 	WARNING 	User requested fullscreen with size [2048 1152], but screen is actually [1920, 1080]. Using actual size
10.5098 	EXP 	Created window1 = Window(allowGUI=False, allowStencil=False, args=UNKNOWN, autoLog=True, bitsMode=UNKNOWN, blendMode='avg', color=array([0., 0., 0.]), colorSpace='rgb', fullscr=<method-wrapper '__getattribute__' of attributeSetter object at 0x0000028296712C18>, gamma=None, kwargs=UNKNOWN, lms=UNKNOWN, monitor=<psychopy.monitors.calibTools.Monitor object at 0x00000282967949E8>, multiSample=False, name='window1', numSamples=2, pos=[0.0, 0.0], screen=0, size=array([1920, 1080]), stereo=False, units='norm', useFBO=True, useRetina=False, viewOri=0.0, viewPos=None, viewScale=None, waitBlanking=True, winType='pyglet')
10.5099 	EXP 	window1: recordFrameIntervals = False
10.6754 	EXP 	window1: recordFrameIntervals = True
10.8595 	EXP 	window1: recordFrameIntervals = False
11.1658 	EXP 	Imported tExp.csv as conditions, 1 conditions, 15 params
11.1661 	EXP 	Created sequence: random, trialTypes=1, nReps=1, seed=None
11.4055 	EXP 	Created tInstr = TextStim(__class__=<class 'psychopy.visual.text.TextStim'>, alignHoriz='center', alignVert='center', antialias=True, autoLog=True, bold=False, color='white', colorSpace='named', contrast=1.0, depth=-1.0, flipHoriz=False, flipVert=False, font='Arial', fontFiles=[], height=0.05, italic=False, languageStyle='LTR', name='tInstr', opacity=1.0, ori=0, pos=array([0., 0.]), rgb=array([255., 255., 255.]), text=str(...), units='norm', win=Window(...), wrapWidth=1)
11.4090 	EXP 	Created iTrial = ImageStim(__class__=<class 'psychopy.visual.image.ImageStim'>, autoLog=True, color=array([1., 1., 1.]), colorSpace='rgb', contrast=1.0, depth=-1.0, flipHoriz=False, flipVert=False, image='sin', interpolate=True, mask=None, maskParams=None, name='iTrial', opacity=1.0, ori=0.0, pos=array([0., 0.]), size=array([1., 1.]), texRes=128, units='height', win=Window(...))
11.4105 	EXP 	Created tTrial = TextStim(__class__=<class 'psychopy.visual.text.TextStim'>, alignHoriz='center', alignVert='center', antialias=True, autoLog=True, bold=False, color='white', colorSpace='named', contrast=1.0, depth=-2.0, flipHoriz=False, flipVert=False, font='Arial', fontFiles=[], height=0.1, italic=False, languageStyle='LTR', name='tTrial', opacity=1.0, ori=0, pos=array([0., 0.]), rgb=array([255., 255., 255.]), text='', units='norm', win=Window(...), wrapWidth=1)
11.4475 	EXP 	Created pTrial = ImageStim(__class__=<class 'psychopy.visual.image.ImageStim'>, autoLog=True, color=array([1., 1., 1.]), colorSpace='rgb', contrast=1.0, depth=-3.0, flipHoriz=False, flipVert=False, image='fixation.png', interpolate=True, mask=None, maskParams=None, name='pTrial', opacity=1.0, ori=0.0, pos=array([0., 0.]), size=array([0.5, 0.5]), texRes=128, units='height', win=Window(...))
11.4527 	EXP 	Created tPause = TextStim(__class__=<class 'psychopy.visual.text.TextStim'>, alignHoriz='center', alignVert='center', antialias=True, autoLog=True, bold=False, color='white', colorSpace='named', contrast=1.0, depth=-1.0, flipHoriz=False, flipVert=False, font='Arial', fontFiles=[], height=0.05, italic=False, languageStyle='LTR', name='tPause', opacity=1.0, ori=0, pos=array([0., 0.]), rgb=array([255., 255., 255.]), text='default text', units='norm', win=Window(...), wrapWidth=1)
11.4596 	EXP 	Created tEnd = TextStim(__class__=<class 'psychopy.visual.text.TextStim'>, alignHoriz='center', alignVert='center', antialias=True, autoLog=True, bold=False, color='white', colorSpace='named', contrast=1.0, depth=0.0, flipHoriz=False, flipVert=False, font='Arial', fontFiles=[], height=0.05, italic=False, languageStyle='LTR', name='tEnd', opacity=1.0, ori=0, pos=array([0., 0.]), rgb=array([255., 255., 255.]), text='You finished it!', units='norm', win=Window(...), wrapWidth=1)
11.4941 	EXP 	tInstr: autoDraw = True
14.3375 	EXP 	Imported tAll_blocks.csv as conditions, 3 conditions, 1 params
14.3379 	EXP 	Created sequence: random, trialTypes=3, nReps=1, seed=None
14.3382 	EXP 	New trial (rep=0, index=0): OrderedDict([('cur_block_file_name', 'tBlock03.csv')])
14.3524 	EXP 	Imported tBlock03.csv as conditions, 36 conditions, 10 params
14.3528 	EXP 	Created sequence: random, trialTypes=36, nReps=1, seed=None
14.3532 	EXP 	New trial (rep=0, index=0): OrderedDict([('linux_file_name', 'stimuli/block_03_trial_078.png'), ('pc_file_name', 'stimuli\\block_03_trial_078.png'), ('distract_condition', 0), ('target_color_condition', [0, 255, 0]), ('back_color_condition', [0, 0, 0]), ('distractor_color_condition', [225, 0, 0]), ('cue_condition', 1), ('target_condition', 'D'), ('correct_response', 'z'), ('target_pos_index_condition', 7)])
14.4410 	DATA 	Keypress: space
14.4465 	EXP 	tInstr: autoDraw = False
14.4465 	EXP 	iTrial: size = array([0.9, 0.9])
14.4465 	EXP 	iTrial: image = 'stimuli/block_03_trial_078.png'
14.4465 	EXP 	pTrial: autoDraw = True
14.7636 	EXP 	pTrial: autoDraw = False
14.7803 	EXP 	iTrial: autoDraw = True
14.7803 	EXP 	tTrial: autoDraw = True
15.3638 	EXP 	tTrial: autoDraw = False
15.4199 	EXP 	New trial (rep=0, index=1): OrderedDict([('linux_file_name', 'stimuli/block_03_trial_075.png'), ('pc_file_name', 'stimuli\\block_03_trial_075.png'), ('distract_condition', 0), ('target_color_condition', [0, 255, 0]), ('back_color_condition', [0, 0, 0]), ('distractor_color_condition', [225, 0, 0]), ('cue_condition', 1), ('target_condition', 'C'), ('correct_response', 'slash'), ('target_pos_index_condition', 1)])
15.4381 	DATA 	Keypress: z
15.4422 	EXP 	iTrial: autoDraw = False
15.4422 	EXP 	tTrial: autoDraw = False
15.4422 	EXP 	pTrial: autoDraw = False
15.4422 	EXP 	iTrial: size = array([0.9, 0.9])
15.4422 	EXP 	iTrial: image = 'stimuli/block_03_trial_075.png'
15.4422 	EXP 	pTrial: autoDraw = True
15.8310 	EXP 	pTrial: autoDraw = False
15.8480 	EXP 	iTrial: autoDraw = True
15.8480 	EXP 	tTrial: autoDraw = True
16.4321 	EXP 	tTrial: autoDraw = False
16.6043 	EXP 	New trial (rep=0, index=2): OrderedDict([('linux_file_name', 'stimuli/block_03_trial_107.png'), ('pc_file_name', 'stimuli\\block_03_trial_107.png'), ('distract_condition', 1), ('target_color_condition', [0, 255, 0]), ('back_color_condition', [0, 0, 0]), ('distractor_color_condition', [225, 0, 0]), ('cue_condition', 1), ('target_condition', 'C'), ('correct_response', 'slash'), ('target_pos_index_condition', 1)])
16.6226 	DATA 	Keypress: z
16.6268 	EXP 	iTrial: autoDraw = False
16.6268 	EXP 	tTrial: autoDraw = False
16.6268 	EXP 	pTrial: autoDraw = False
16.6268 	EXP 	iTrial: size = array([0.9, 0.9])
16.6268 	EXP 	iTrial: image = 'stimuli/block_03_trial_107.png'
16.6268 	EXP 	pTrial: autoDraw = True
17.0162 	EXP 	pTrial: autoDraw = False
17.0325 	EXP 	iTrial: autoDraw = True
17.0325 	EXP 	tTrial: autoDraw = True
17.5574 	DATA 	Keypress: slash
17.6163 	EXP 	tTrial: autoDraw = False
17.9170 	EXP 	iTrial: autoDraw = False
18.5038 	EXP 	New trial (rep=0, index=3): OrderedDict([('linux_file_name', 'stimuli/block_03_trial_083.png'), ('pc_file_name', 'stimuli\\block_03_trial_083.png'), ('distract_condition', 1), ('target_color_condition', [0, 255, 0]), ('back_color_condition', [0, 0, 0]), ('distractor_color_condition', [225, 0, 0]), ('cue_condition', 1), ('target_condition', 'D'), ('correct_response', 'z'), ('target_pos_index_condition', 4)])
18.5268 	EXP 	iTrial: autoDraw = False
18.5268 	EXP 	tTrial: autoDraw = False
18.5268 	EXP 	pTrial: autoDraw = False
18.5268 	EXP 	iTrial: size = array([0.9, 0.9])
18.5268 	EXP 	iTrial: image = 'stimuli/block_03_trial_083.png'
18.5268 	EXP 	pTrial: autoDraw = True
18.9182 	EXP 	pTrial: autoDraw = False
18.9348 	EXP 	iTrial: autoDraw = True
18.9348 	EXP 	tTrial: autoDraw = True
19.4237 	EXP 	New trial (rep=0, index=4): OrderedDict([('linux_file_name', 'stimuli/block_03_trial_095.png'), ('pc_file_name', 'stimuli\\block_03_trial_095.png'), ('distract_condition', 0), ('target_color_condition', [0, 255, 0]), ('back_color_condition', [0, 0, 0]), ('distractor_color_condition', [225, 0, 0]), ('cue_condition', 1), ('target_condition', 'D'), ('correct_response', 'z'), ('target_pos_index_condition', 4)])
19.4430 	DATA 	Keypress: slash
19.4472 	EXP 	iTrial: autoDraw = False
19.4472 	EXP 	tTrial: autoDraw = False
19.4472 	EXP 	pTrial: autoDraw = False
19.4472 	EXP 	iTrial: size = array([0.9, 0.9])
19.4472 	EXP 	iTrial: image = 'stimuli/block_03_trial_095.png'
19.4472 	EXP 	pTrial: autoDraw = True
19.8356 	EXP 	pTrial: autoDraw = False
19.8526 	EXP 	iTrial: autoDraw = True
19.8526 	EXP 	tTrial: autoDraw = True
20.4366 	EXP 	tTrial: autoDraw = False
20.4756 	EXP 	New trial (rep=0, index=5): OrderedDict([('linux_file_name', 'stimuli/block_03_trial_072.png'), ('pc_file_name', 'stimuli\\block_03_trial_072.png'), ('distract_condition', 1), ('target_color_condition', [0, 255, 0]), ('back_color_condition', [0, 0, 0]), ('distractor_color_condition', [225, 0, 0]), ('cue_condition', 1), ('target_condition', 'C'), ('correct_response', 'slash'), ('target_pos_index_condition', 1)])
20.4943 	DATA 	Keypress: slash
20.4985 	EXP 	iTrial: autoDraw = False
20.4985 	EXP 	tTrial: autoDraw = False
20.4985 	EXP 	pTrial: autoDraw = False
20.4985 	EXP 	iTrial: size = array([0.9, 0.9])
20.4985 	EXP 	iTrial: image = 'stimuli/block_03_trial_072.png'
20.4985 	EXP 	pTrial: autoDraw = True
20.7264 	EXP 	New trial (rep=0, index=6): OrderedDict([('linux_file_name', 'stimuli/block_03_trial_079.png'), ('pc_file_name', 'stimuli\\block_03_trial_079.png'), ('distract_condition', 1), ('target_color_condition', [0, 255, 0]), ('back_color_condition', [0, 0, 0]), ('distractor_color_condition', [225, 0, 0]), ('cue_condition', 1), ('target_condition', 'D'), ('correct_response', 'z'), ('target_pos_index_condition', 8)])
20.7446 	DATA 	Keypress: z
20.7449 	DATA 	Keypress: space
20.7491 	EXP 	iTrial: autoDraw = False
20.7491 	EXP 	tTrial: autoDraw = False
20.7491 	EXP 	pTrial: autoDraw = False
20.7491 	EXP 	iTrial: size = array([0.9, 0.9])
20.7491 	EXP 	iTrial: image = 'stimuli/block_03_trial_079.png'
20.7491 	EXP 	pTrial: autoDraw = True
21.1374 	EXP 	pTrial: autoDraw = False
21.1571 	EXP 	iTrial: autoDraw = True
21.1571 	EXP 	tTrial: autoDraw = True
21.7380 	EXP 	tTrial: autoDraw = False
21.7432 	EXP 	New trial (rep=0, index=7): OrderedDict([('linux_file_name', 'stimuli/block_03_trial_093.png'), ('pc_file_name', 'stimuli\\block_03_trial_093.png'), ('distract_condition', 0), ('target_color_condition', [0, 255, 0]), ('back_color_condition', [0, 0, 0]), ('distractor_color_condition', [225, 0, 0]), ('cue_condition', 1), ('target_condition', 'D'), ('correct_response', 'z'), ('target_pos_index_condition', 5)])
21.7618 	DATA 	Keypress: z
21.7661 	EXP 	iTrial: autoDraw = False
21.7661 	EXP 	tTrial: autoDraw = False
21.7661 	EXP 	pTrial: autoDraw = False
21.7661 	EXP 	iTrial: size = array([0.9, 0.9])
21.7661 	EXP 	iTrial: image = 'stimuli/block_03_trial_093.png'
21.7661 	EXP 	pTrial: autoDraw = True
22.1547 	EXP 	pTrial: autoDraw = False
22.1716 	EXP 	iTrial: autoDraw = True
22.1716 	EXP 	tTrial: autoDraw = True
22.6936 	EXP 	New trial (rep=0, index=8): OrderedDict([('linux_file_name', 'stimuli/block_03_trial_084.png'), ('pc_file_name', 'stimuli\\block_03_trial_084.png'), ('distract_condition', 0), ('target_color_condition', [0, 255, 0]), ('back_color_condition', [0, 0, 0]), ('distractor_color_condition', [225, 0, 0]), ('cue_condition', 1), ('target_condition', 'D'), ('correct_response', 'z'), ('target_pos_index_condition', 2)])
22.7132 	DATA 	Keypress: z
22.7174 	EXP 	iTrial: autoDraw = False
22.7174 	EXP 	tTrial: autoDraw = False
22.7174 	EXP 	pTrial: autoDraw = False
22.7174 	EXP 	iTrial: size = array([0.9, 0.9])
22.7174 	EXP 	iTrial: image = 'stimuli/block_03_trial_084.png'
22.7174 	EXP 	pTrial: autoDraw = True
23.1061 	EXP 	pTrial: autoDraw = False
23.1226 	EXP 	iTrial: autoDraw = True
23.1226 	EXP 	tTrial: autoDraw = True
23.5446 	DATA 	Keypress: z
23.5623 	EXP 	New trial (rep=0, index=9): OrderedDict([('linux_file_name', 'stimuli/block_03_trial_097.png'), ('pc_file_name', 'stimuli\\block_03_trial_097.png'), ('distract_condition', 0), ('target_color_condition', [0, 255, 0]), ('back_color_condition', [0, 0, 0]), ('distractor_color_condition', [225, 0, 0]), ('cue_condition', 1), ('target_condition', 'C'), ('correct_response', 'slash'), ('target_pos_index_condition', 7)])
23.5840 	EXP 	iTrial: autoDraw = False
23.5840 	EXP 	tTrial: autoDraw = False
23.5840 	EXP 	pTrial: autoDraw = False
23.5840 	EXP 	iTrial: size = array([0.9, 0.9])
23.5840 	EXP 	iTrial: image = 'stimuli/block_03_trial_097.png'
23.5840 	EXP 	pTrial: autoDraw = True
23.9737 	EXP 	pTrial: autoDraw = False
23.9905 	EXP 	iTrial: autoDraw = True
23.9905 	EXP 	tTrial: autoDraw = True
24.5281 	DATA 	Keypress: slash
24.5468 	EXP 	New trial (rep=0, index=10): OrderedDict([('linux_file_name', 'stimuli/block_03_trial_073.png'), ('pc_file_name', 'stimuli\\block_03_trial_073.png'), ('distract_condition', 0), ('target_color_condition', [0, 255, 0]), ('back_color_condition', [0, 0, 0]), ('distractor_color_condition', [225, 0, 0]), ('cue_condition', 1), ('target_condition', 'D'), ('correct_response', 'z'), ('target_pos_index_condition', 0)])
24.5686 	EXP 	iTrial: autoDraw = False
24.5686 	EXP 	tTrial: autoDraw = False
24.5686 	EXP 	pTrial: autoDraw = False
24.5686 	EXP 	iTrial: size = array([0.9, 0.9])
24.5686 	EXP 	iTrial: image = 'stimuli/block_03_trial_073.png'
24.5686 	EXP 	pTrial: autoDraw = True
24.9581 	EXP 	pTrial: autoDraw = False
24.9743 	EXP 	iTrial: autoDraw = True
24.9743 	EXP 	tTrial: autoDraw = True
25.4311 	EXP 	New trial (rep=0, index=11): OrderedDict([('linux_file_name', 'stimuli/block_03_trial_090.png'), ('pc_file_name', 'stimuli\\block_03_trial_090.png'), ('distract_condition', 0), ('target_color_condition', [0, 255, 0]), ('back_color_condition', [0, 0, 0]), ('distractor_color_condition', [225, 0, 0]), ('cue_condition', 1), ('target_condition', 'C'), ('correct_response', 'slash'), ('target_pos_index_condition', 8)])
25.4487 	DATA 	Keypress: z
25.4530 	EXP 	iTrial: autoDraw = False
25.4530 	EXP 	tTrial: autoDraw = False
25.4530 	EXP 	pTrial: autoDraw = False
25.4530 	EXP 	iTrial: size = array([0.9, 0.9])
25.4530 	EXP 	iTrial: image = 'stimuli/block_03_trial_090.png'
25.4530 	EXP 	pTrial: autoDraw = True
25.8425 	EXP 	pTrial: autoDraw = False
25.8591 	EXP 	iTrial: autoDraw = True
25.8591 	EXP 	tTrial: autoDraw = True
26.3819 	EXP 	New trial (rep=0, index=12): OrderedDict([('linux_file_name', 'stimuli/block_03_trial_104.png'), ('pc_file_name', 'stimuli\\block_03_trial_104.png'), ('distract_condition', 1), ('target_color_condition', [0, 255, 0]), ('back_color_condition', [0, 0, 0]), ('distractor_color_condition', [225, 0, 0]), ('cue_condition', 1), ('target_condition', 'C'), ('correct_response', 'slash'), ('target_pos_index_condition', 7)])
26.3998 	DATA 	Keypress: slash
26.4041 	EXP 	iTrial: autoDraw = False
26.4041 	EXP 	tTrial: autoDraw = False
26.4041 	EXP 	pTrial: autoDraw = False
26.4041 	EXP 	iTrial: size = array([0.9, 0.9])
26.4041 	EXP 	iTrial: image = 'stimuli/block_03_trial_104.png'
26.4041 	EXP 	pTrial: autoDraw = True
26.7932 	EXP 	pTrial: autoDraw = False
26.8105 	EXP 	iTrial: autoDraw = True
26.8105 	EXP 	tTrial: autoDraw = True
27.2978 	EXP 	New trial (rep=0, index=13): OrderedDict([('linux_file_name', 'stimuli/block_03_trial_080.png'), ('pc_file_name', 'stimuli\\block_03_trial_080.png'), ('distract_condition', 1), ('target_color_condition', [0, 255, 0]), ('back_color_condition', [0, 0, 0]), ('distractor_color_condition', [225, 0, 0]), ('cue_condition', 1), ('target_condition', 'D'), ('correct_response', 'z'), ('target_pos_index_condition', 6)])
27.3165 	DATA 	Keypress: z
27.3207 	EXP 	iTrial: autoDraw = False
27.3207 	EXP 	tTrial: autoDraw = False
27.3207 	EXP 	pTrial: autoDraw = False
27.3207 	EXP 	iTrial: size = array([0.9, 0.9])
27.3207 	EXP 	iTrial: image = 'stimuli/block_03_trial_080.png'
27.3207 	EXP 	pTrial: autoDraw = True
27.7108 	EXP 	pTrial: autoDraw = False
27.7280 	EXP 	iTrial: autoDraw = True
27.7280 	EXP 	tTrial: autoDraw = True
28.3002 	EXP 	New trial (rep=0, index=14): OrderedDict([('linux_file_name', 'stimuli/block_03_trial_096.png'), ('pc_file_name', 'stimuli\\block_03_trial_096.png'), ('distract_condition', 1), ('target_color_condition', [0, 255, 0]), ('back_color_condition', [0, 0, 0]), ('distractor_color_condition', [225, 0, 0]), ('cue_condition', 1), ('target_condition', 'C'), ('correct_response', 'slash'), ('target_pos_index_condition', 3)])
28.3181 	DATA 	Keypress: z
28.3222 	EXP 	tTrial: autoDraw = False
28.3222 	EXP 	iTrial: autoDraw = False
28.3222 	EXP 	tTrial: autoDraw = False
28.3222 	EXP 	pTrial: autoDraw = False
28.3222 	EXP 	iTrial: size = array([0.9, 0.9])
28.3222 	EXP 	iTrial: image = 'stimuli/block_03_trial_096.png'
28.3222 	EXP 	pTrial: autoDraw = True
28.7120 	EXP 	pTrial: autoDraw = False
28.7288 	EXP 	iTrial: autoDraw = True
28.7288 	EXP 	tTrial: autoDraw = True
29.2011 	EXP 	New trial (rep=0, index=15): OrderedDict([('linux_file_name', 'stimuli/block_03_trial_094.png'), ('pc_file_name', 'stimuli\\block_03_trial_094.png'), ('distract_condition', 1), ('target_color_condition', [0, 255, 0]), ('back_color_condition', [0, 0, 0]), ('distractor_color_condition', [225, 0, 0]), ('cue_condition', 1), ('target_condition', 'C'), ('correct_response', 'slash'), ('target_pos_index_condition', 0)])
29.2179 	DATA 	Keypress: slash
29.2221 	EXP 	iTrial: autoDraw = False
29.2221 	EXP 	tTrial: autoDraw = False
29.2221 	EXP 	pTrial: autoDraw = False
29.2221 	EXP 	iTrial: size = array([0.9, 0.9])
29.2221 	EXP 	iTrial: image = 'stimuli/block_03_trial_094.png'
29.2221 	EXP 	pTrial: autoDraw = True
29.6133 	EXP 	pTrial: autoDraw = False
29.6297 	EXP 	iTrial: autoDraw = True
29.6297 	EXP 	tTrial: autoDraw = True
30.1017 	EXP 	New trial (rep=0, index=16): OrderedDict([('linux_file_name', 'stimuli/block_03_trial_101.png'), ('pc_file_name', 'stimuli\\block_03_trial_101.png'), ('distract_condition', 1), ('target_color_condition', [0, 255, 0]), ('back_color_condition', [0, 0, 0]), ('distractor_color_condition', [225, 0, 0]), ('cue_condition', 1), ('target_condition', 'C'), ('correct_response', 'slash'), ('target_pos_index_condition', 3)])
30.1195 	DATA 	Keypress: slash
30.1239 	EXP 	iTrial: autoDraw = False
30.1239 	EXP 	tTrial: autoDraw = False
30.1239 	EXP 	pTrial: autoDraw = False
30.1239 	EXP 	iTrial: size = array([0.9, 0.9])
30.1239 	EXP 	iTrial: image = 'stimuli/block_03_trial_101.png'
30.1239 	EXP 	pTrial: autoDraw = True
30.5141 	EXP 	pTrial: autoDraw = False
30.5309 	EXP 	iTrial: autoDraw = True
30.5309 	EXP 	tTrial: autoDraw = True
30.9711 	EXP 	New trial (rep=0, index=17): OrderedDict([('linux_file_name', 'stimuli/block_03_trial_098.png'), ('pc_file_name', 'stimuli\\block_03_trial_098.png'), ('distract_condition', 1), ('target_color_condition', [0, 255, 0]), ('back_color_condition', [0, 0, 0]), ('distractor_color_condition', [225, 0, 0]), ('cue_condition', 1), ('target_condition', 'D'), ('correct_response', 'z'), ('target_pos_index_condition', 3)])
30.9896 	DATA 	Keypress: z
30.9939 	EXP 	iTrial: autoDraw = False
30.9939 	EXP 	tTrial: autoDraw = False
30.9939 	EXP 	pTrial: autoDraw = False
30.9939 	EXP 	iTrial: size = array([0.9, 0.9])
30.9939 	EXP 	iTrial: image = 'stimuli/block_03_trial_098.png'
30.9939 	EXP 	pTrial: autoDraw = True
31.3821 	EXP 	pTrial: autoDraw = False
31.3983 	EXP 	iTrial: autoDraw = True
31.3983 	EXP 	tTrial: autoDraw = True
31.9845 	EXP 	tTrial: autoDraw = False
32.0200 	EXP 	New trial (rep=0, index=18): OrderedDict([('linux_file_name', 'stimuli/block_03_trial_076.png'), ('pc_file_name', 'stimuli\\block_03_trial_076.png'), ('distract_condition', 0), ('target_color_condition', [0, 255, 0]), ('back_color_condition', [0, 0, 0]), ('distractor_color_condition', [225, 0, 0]), ('cue_condition', 1), ('target_condition', 'C'), ('correct_response', 'slash'), ('target_pos_index_condition', 0)])
32.0365 	DATA 	Keypress: z
32.0406 	EXP 	iTrial: autoDraw = False
32.0406 	EXP 	tTrial: autoDraw = False
32.0406 	EXP 	pTrial: autoDraw = False
32.0406 	EXP 	iTrial: size = array([0.9, 0.9])
32.0406 	EXP 	iTrial: image = 'stimuli/block_03_trial_076.png'
32.0406 	EXP 	pTrial: autoDraw = True
32.4328 	EXP 	pTrial: autoDraw = False
32.4495 	EXP 	iTrial: autoDraw = True
32.4495 	EXP 	tTrial: autoDraw = True
32.8890 	EXP 	New trial (rep=0, index=19): OrderedDict([('linux_file_name', 'stimuli/block_03_trial_087.png'), ('pc_file_name', 'stimuli\\block_03_trial_087.png'), ('distract_condition', 1), ('target_color_condition', [0, 255, 0]), ('back_color_condition', [0, 0, 0]), ('distractor_color_condition', [225, 0, 0]), ('cue_condition', 1), ('target_condition', 'D'), ('correct_response', 'z'), ('target_pos_index_condition', 3)])
32.9071 	DATA 	Keypress: slash
32.9114 	EXP 	iTrial: autoDraw = False
32.9114 	EXP 	tTrial: autoDraw = False
32.9114 	EXP 	pTrial: autoDraw = False
32.9114 	EXP 	iTrial: size = array([0.9, 0.9])
32.9114 	EXP 	iTrial: image = 'stimuli/block_03_trial_087.png'
32.9114 	EXP 	pTrial: autoDraw = True
33.3004 	EXP 	pTrial: autoDraw = False
33.3169 	EXP 	iTrial: autoDraw = True
33.3169 	EXP 	tTrial: autoDraw = True
33.9009 	EXP 	tTrial: autoDraw = False
34.0397 	EXP 	New trial (rep=0, index=20): OrderedDict([('linux_file_name', 'stimuli/block_03_trial_102.png'), ('pc_file_name', 'stimuli\\block_03_trial_102.png'), ('distract_condition', 1), ('target_color_condition', [0, 255, 0]), ('back_color_condition', [0, 0, 0]), ('distractor_color_condition', [225, 0, 0]), ('cue_condition', 1), ('target_condition', 'C'), ('correct_response', 'slash'), ('target_pos_index_condition', 7)])
34.0579 	DATA 	Keypress: z
34.0625 	EXP 	iTrial: autoDraw = False
34.0625 	EXP 	tTrial: autoDraw = False
34.0625 	EXP 	pTrial: autoDraw = False
34.0625 	EXP 	iTrial: size = array([0.9, 0.9])
34.0625 	EXP 	iTrial: image = 'stimuli/block_03_trial_102.png'
34.0625 	EXP 	pTrial: autoDraw = True
34.4515 	EXP 	pTrial: autoDraw = False
34.4684 	EXP 	iTrial: autoDraw = True
34.4684 	EXP 	tTrial: autoDraw = True
34.9564 	DATA 	Keypress: slash
34.9738 	EXP 	New trial (rep=0, index=21): OrderedDict([('linux_file_name', 'stimuli/block_03_trial_105.png'), ('pc_file_name', 'stimuli\\block_03_trial_105.png'), ('distract_condition', 0), ('target_color_condition', [0, 255, 0]), ('back_color_condition', [0, 0, 0]), ('distractor_color_condition', [225, 0, 0]), ('cue_condition', 1), ('target_condition', 'D'), ('correct_response', 'z'), ('target_pos_index_condition', 8)])
34.9947 	EXP 	iTrial: autoDraw = False
34.9947 	EXP 	tTrial: autoDraw = False
34.9947 	EXP 	pTrial: autoDraw = False
34.9947 	EXP 	iTrial: size = array([0.9, 0.9])
34.9947 	EXP 	iTrial: image = 'stimuli/block_03_trial_105.png'
34.9947 	EXP 	pTrial: autoDraw = True
35.3856 	EXP 	pTrial: autoDraw = False
35.4029 	EXP 	iTrial: autoDraw = True
35.4029 	EXP 	tTrial: autoDraw = True
35.9864 	EXP 	tTrial: autoDraw = False
36.2084 	EXP 	New trial (rep=0, index=22): OrderedDict([('linux_file_name', 'stimuli/block_03_trial_091.png'), ('pc_file_name', 'stimuli\\block_03_trial_091.png'), ('distract_condition', 0), ('target_color_condition', [0, 255, 0]), ('back_color_condition', [0, 0, 0]), ('distractor_color_condition', [225, 0, 0]), ('cue_condition', 1), ('target_condition', 'C'), ('correct_response', 'slash'), ('target_pos_index_condition', 3)])
36.2256 	DATA 	Keypress: z
36.2298 	EXP 	iTrial: autoDraw = False
36.2298 	EXP 	tTrial: autoDraw = False
36.2298 	EXP 	pTrial: autoDraw = False
36.2298 	EXP 	iTrial: size = array([0.9, 0.9])
36.2298 	EXP 	iTrial: image = 'stimuli/block_03_trial_091.png'
36.2298 	EXP 	pTrial: autoDraw = True
36.6207 	EXP 	pTrial: autoDraw = False
36.6374 	EXP 	iTrial: autoDraw = True
36.6374 	EXP 	tTrial: autoDraw = True
37.2213 	EXP 	tTrial: autoDraw = False
37.5223 	EXP 	iTrial: autoDraw = False
37.5279 	EXP 	New trial (rep=0, index=23): OrderedDict([('linux_file_name', 'stimuli/block_03_trial_077.png'), ('pc_file_name', 'stimuli\\block_03_trial_077.png'), ('distract_condition', 1), ('target_color_condition', [0, 255, 0]), ('back_color_condition', [0, 0, 0]), ('distractor_color_condition', [225, 0, 0]), ('cue_condition', 1), ('target_condition', 'D'), ('correct_response', 'z'), ('target_pos_index_condition', 2)])
37.5459 	DATA 	Keypress: z
37.5501 	EXP 	iTrial: autoDraw = False
37.5501 	EXP 	tTrial: autoDraw = False
37.5501 	EXP 	pTrial: autoDraw = False
37.5501 	EXP 	iTrial: size = array([0.9, 0.9])
37.5501 	EXP 	iTrial: image = 'stimuli/block_03_trial_077.png'
37.5501 	EXP 	pTrial: autoDraw = True
37.9387 	EXP 	pTrial: autoDraw = False
37.9558 	EXP 	iTrial: autoDraw = True
37.9558 	EXP 	tTrial: autoDraw = True
38.5398 	EXP 	tTrial: autoDraw = False
38.8402 	EXP 	iTrial: autoDraw = False
39.4265 	EXP 	New trial (rep=0, index=24): OrderedDict([('linux_file_name', 'stimuli/block_03_trial_100.png'), ('pc_file_name', 'stimuli\\block_03_trial_100.png'), ('distract_condition', 0), ('target_color_condition', [0, 255, 0]), ('back_color_condition', [0, 0, 0]), ('distractor_color_condition', [225, 0, 0]), ('cue_condition', 1), ('target_condition', 'D'), ('correct_response', 'z'), ('target_pos_index_condition', 3)])
39.4476 	EXP 	iTrial: autoDraw = False
39.4476 	EXP 	tTrial: autoDraw = False
39.4476 	EXP 	pTrial: autoDraw = False
39.4476 	EXP 	iTrial: size = array([0.9, 0.9])
39.4476 	EXP 	iTrial: image = 'stimuli/block_03_trial_100.png'
39.4476 	EXP 	pTrial: autoDraw = True
39.8412 	EXP 	pTrial: autoDraw = False
39.8579 	EXP 	iTrial: autoDraw = True
39.8579 	EXP 	tTrial: autoDraw = True
40.2187 	DATA 	Keypress: slash
40.2316 	EXP 	New trial (rep=0, index=25): OrderedDict([('linux_file_name', 'stimuli/block_03_trial_082.png'), ('pc_file_name', 'stimuli\\block_03_trial_082.png'), ('distract_condition', 0), ('target_color_condition', [0, 255, 0]), ('back_color_condition', [0, 0, 0]), ('distractor_color_condition', [225, 0, 0]), ('cue_condition', 1), ('target_condition', 'C'), ('correct_response', 'slash'), ('target_pos_index_condition', 7)])
40.2526 	EXP 	iTrial: autoDraw = False
40.2526 	EXP 	tTrial: autoDraw = False
40.2526 	EXP 	pTrial: autoDraw = False
40.2526 	EXP 	iTrial: size = array([0.9, 0.9])
40.2526 	EXP 	iTrial: image = 'stimuli/block_03_trial_082.png'
40.2526 	EXP 	pTrial: autoDraw = True
40.2973 	EXP 	New trial (rep=0, index=26): OrderedDict([('linux_file_name', 'stimuli/block_03_trial_081.png'), ('pc_file_name', 'stimuli\\block_03_trial_081.png'), ('distract_condition', 1), ('target_color_condition', [0, 255, 0]), ('back_color_condition', [0, 0, 0]), ('distractor_color_condition', [225, 0, 0]), ('cue_condition', 1), ('target_condition', 'D'), ('correct_response', 'z'), ('target_pos_index_condition', 3)])
40.3145 	DATA 	Keypress: z
40.3187 	EXP 	iTrial: autoDraw = False
40.3187 	EXP 	tTrial: autoDraw = False
40.3187 	EXP 	pTrial: autoDraw = False
40.3187 	EXP 	iTrial: size = array([0.9, 0.9])
40.3187 	EXP 	iTrial: image = 'stimuli/block_03_trial_081.png'
40.3187 	EXP 	pTrial: autoDraw = True
40.7084 	EXP 	pTrial: autoDraw = False
40.7255 	EXP 	iTrial: autoDraw = True
40.7255 	EXP 	tTrial: autoDraw = True
41.3092 	EXP 	tTrial: autoDraw = False
41.4989 	EXP 	New trial (rep=0, index=27): OrderedDict([('linux_file_name', 'stimuli/block_03_trial_085.png'), ('pc_file_name', 'stimuli\\block_03_trial_085.png'), ('distract_condition', 1), ('target_color_condition', [0, 255, 0]), ('back_color_condition', [0, 0, 0]), ('distractor_color_condition', [225, 0, 0]), ('cue_condition', 1), ('target_condition', 'D'), ('correct_response', 'z'), ('target_pos_index_condition', 1)])
41.5164 	DATA 	Keypress: z
41.5206 	EXP 	iTrial: autoDraw = False
41.5206 	EXP 	tTrial: autoDraw = False
41.5206 	EXP 	pTrial: autoDraw = False
41.5206 	EXP 	iTrial: size = array([0.9, 0.9])
41.5206 	EXP 	iTrial: image = 'stimuli/block_03_trial_085.png'
41.5206 	EXP 	pTrial: autoDraw = True
41.9097 	EXP 	pTrial: autoDraw = False
41.9264 	EXP 	iTrial: autoDraw = True
41.9264 	EXP 	tTrial: autoDraw = True
42.4667 	DATA 	Keypress: z
42.4823 	EXP 	New trial (rep=0, index=28): OrderedDict([('linux_file_name', 'stimuli/block_03_trial_088.png'), ('pc_file_name', 'stimuli\\block_03_trial_088.png'), ('distract_condition', 0), ('target_color_condition', [0, 255, 0]), ('back_color_condition', [0, 0, 0]), ('distractor_color_condition', [225, 0, 0]), ('cue_condition', 1), ('target_condition', 'C'), ('correct_response', 'slash'), ('target_pos_index_condition', 5)])
42.5033 	EXP 	iTrial: autoDraw = False
42.5033 	EXP 	tTrial: autoDraw = False
42.5033 	EXP 	pTrial: autoDraw = False
42.5033 	EXP 	iTrial: size = array([0.9, 0.9])
42.5033 	EXP 	iTrial: image = 'stimuli/block_03_trial_088.png'
42.5033 	EXP 	pTrial: autoDraw = True
42.8942 	EXP 	pTrial: autoDraw = False
42.9111 	EXP 	iTrial: autoDraw = True
42.9111 	EXP 	tTrial: autoDraw = True
43.4952 	EXP 	tTrial: autoDraw = False
43.5505 	EXP 	New trial (rep=0, index=29): OrderedDict([('linux_file_name', 'stimuli/block_03_trial_074.png'), ('pc_file_name', 'stimuli\\block_03_trial_074.png'), ('distract_condition', 0), ('target_color_condition', [0, 255, 0]), ('back_color_condition', [0, 0, 0]), ('distractor_color_condition', [225, 0, 0]), ('cue_condition', 1), ('target_condition', 'D'), ('correct_response', 'z'), ('target_pos_index_condition', 0)])
43.5676 	DATA 	Keypress: slash
43.5718 	EXP 	iTrial: autoDraw = False
43.5718 	EXP 	tTrial: autoDraw = False
43.5718 	EXP 	pTrial: autoDraw = False
43.5718 	EXP 	iTrial: size = array([0.9, 0.9])
43.5718 	EXP 	iTrial: image = 'stimuli/block_03_trial_074.png'
43.5718 	EXP 	pTrial: autoDraw = True
43.9622 	EXP 	pTrial: autoDraw = False
43.9793 	EXP 	iTrial: autoDraw = True
43.9793 	EXP 	tTrial: autoDraw = True
44.3519 	EXP 	New trial (rep=0, index=30): OrderedDict([('linux_file_name', 'stimuli/block_03_trial_086.png'), ('pc_file_name', 'stimuli\\block_03_trial_086.png'), ('distract_condition', 0), ('target_color_condition', [0, 255, 0]), ('back_color_condition', [0, 0, 0]), ('distractor_color_condition', [225, 0, 0]), ('cue_condition', 1), ('target_condition', 'D'), ('correct_response', 'z'), ('target_pos_index_condition', 4)])
44.3692 	DATA 	Keypress: z
44.3735 	EXP 	iTrial: autoDraw = False
44.3735 	EXP 	tTrial: autoDraw = False
44.3735 	EXP 	pTrial: autoDraw = False
44.3735 	EXP 	iTrial: size = array([0.9, 0.9])
44.3735 	EXP 	iTrial: image = 'stimuli/block_03_trial_086.png'
44.3735 	EXP 	pTrial: autoDraw = True
44.7633 	EXP 	pTrial: autoDraw = False
44.7801 	EXP 	iTrial: autoDraw = True
44.7801 	EXP 	tTrial: autoDraw = True
45.2690 	EXP 	New trial (rep=0, index=31): OrderedDict([('linux_file_name', 'stimuli/block_03_trial_092.png'), ('pc_file_name', 'stimuli\\block_03_trial_092.png'), ('distract_condition', 0), ('target_color_condition', [0, 255, 0]), ('back_color_condition', [0, 0, 0]), ('distractor_color_condition', [225, 0, 0]), ('cue_condition', 1), ('target_condition', 'C'), ('correct_response', 'slash'), ('target_pos_index_condition', 7)])
45.2865 	DATA 	Keypress: slash
45.2908 	EXP 	iTrial: autoDraw = False
45.2908 	EXP 	tTrial: autoDraw = False
45.2908 	EXP 	pTrial: autoDraw = False
45.2908 	EXP 	iTrial: size = array([0.9, 0.9])
45.2908 	EXP 	iTrial: image = 'stimuli/block_03_trial_092.png'
45.2908 	EXP 	pTrial: autoDraw = True
45.6810 	EXP 	pTrial: autoDraw = False
45.6975 	EXP 	iTrial: autoDraw = True
45.6975 	EXP 	tTrial: autoDraw = True
46.1370 	EXP 	New trial (rep=0, index=32): OrderedDict([('linux_file_name', 'stimuli/block_03_trial_106.png'), ('pc_file_name', 'stimuli\\block_03_trial_106.png'), ('distract_condition', 0), ('target_color_condition', [0, 255, 0]), ('back_color_condition', [0, 0, 0]), ('distractor_color_condition', [225, 0, 0]), ('cue_condition', 1), ('target_condition', 'D'), ('correct_response', 'z'), ('target_pos_index_condition', 4)])
46.1572 	DATA 	Keypress: z
46.1614 	EXP 	iTrial: autoDraw = False
46.1614 	EXP 	tTrial: autoDraw = False
46.1614 	EXP 	pTrial: autoDraw = False
46.1614 	EXP 	iTrial: size = array([0.9, 0.9])
46.1614 	EXP 	iTrial: image = 'stimuli/block_03_trial_106.png'
46.1614 	EXP 	pTrial: autoDraw = True
46.5480 	EXP 	pTrial: autoDraw = False
46.5649 	EXP 	iTrial: autoDraw = True
46.5649 	EXP 	tTrial: autoDraw = True
47.1494 	EXP 	tTrial: autoDraw = False
47.2876 	EXP 	New trial (rep=0, index=33): OrderedDict([('linux_file_name', 'stimuli/block_03_trial_089.png'), ('pc_file_name', 'stimuli\\block_03_trial_089.png'), ('distract_condition', 1), ('target_color_condition', [0, 255, 0]), ('back_color_condition', [0, 0, 0]), ('distractor_color_condition', [225, 0, 0]), ('cue_condition', 1), ('target_condition', 'C'), ('correct_response', 'slash'), ('target_pos_index_condition', 0)])
47.3052 	DATA 	Keypress: z
47.3095 	EXP 	iTrial: autoDraw = False
47.3095 	EXP 	tTrial: autoDraw = False
47.3095 	EXP 	pTrial: autoDraw = False
47.3095 	EXP 	iTrial: size = array([0.9, 0.9])
47.3095 	EXP 	iTrial: image = 'stimuli/block_03_trial_089.png'
47.3095 	EXP 	pTrial: autoDraw = True
47.6999 	EXP 	pTrial: autoDraw = False
47.7167 	EXP 	iTrial: autoDraw = True
47.7167 	EXP 	tTrial: autoDraw = True
48.3006 	EXP 	tTrial: autoDraw = False
48.5896 	EXP 	New trial (rep=0, index=34): OrderedDict([('linux_file_name', 'stimuli/block_03_trial_099.png'), ('pc_file_name', 'stimuli\\block_03_trial_099.png'), ('distract_condition', 0), ('target_color_condition', [0, 255, 0]), ('back_color_condition', [0, 0, 0]), ('distractor_color_condition', [225, 0, 0]), ('cue_condition', 1), ('target_condition', 'D'), ('correct_response', 'z'), ('target_pos_index_condition', 2)])
48.6080 	DATA 	Keypress: z
48.6122 	EXP 	iTrial: autoDraw = False
48.6122 	EXP 	iTrial: autoDraw = False
48.6122 	EXP 	tTrial: autoDraw = False
48.6122 	EXP 	pTrial: autoDraw = False
48.6122 	EXP 	iTrial: size = array([0.9, 0.9])
48.6122 	EXP 	iTrial: image = 'stimuli/block_03_trial_099.png'
48.6122 	EXP 	pTrial: autoDraw = True
49.0012 	EXP 	pTrial: autoDraw = False
49.0181 	EXP 	iTrial: autoDraw = True
49.0181 	EXP 	tTrial: autoDraw = True
49.6018 	EXP 	tTrial: autoDraw = False
49.6076 	EXP 	New trial (rep=0, index=35): OrderedDict([('linux_file_name', 'stimuli/block_03_trial_103.png'), ('pc_file_name', 'stimuli\\block_03_trial_103.png'), ('distract_condition', 1), ('target_color_condition', [0, 255, 0]), ('back_color_condition', [0, 0, 0]), ('distractor_color_condition', [225, 0, 0]), ('cue_condition', 1), ('target_condition', 'C'), ('correct_response', 'slash'), ('target_pos_index_condition', 3)])
49.6258 	DATA 	Keypress: slash
49.6300 	EXP 	iTrial: autoDraw = False
49.6300 	EXP 	tTrial: autoDraw = False
49.6300 	EXP 	pTrial: autoDraw = False
49.6300 	EXP 	iTrial: size = array([0.9, 0.9])
49.6300 	EXP 	iTrial: image = 'stimuli/block_03_trial_103.png'
49.6300 	EXP 	pTrial: autoDraw = True
50.0189 	EXP 	pTrial: autoDraw = False
50.0360 	EXP 	iTrial: autoDraw = True
50.0360 	EXP 	tTrial: autoDraw = True
50.6194 	EXP 	tTrial: autoDraw = False
50.7178 	DATA 	Keypress: slash
50.7215 	EXP 	iTrial: autoDraw = False
50.7215 	EXP 	tTrial: autoDraw = False
50.7215 	EXP 	pTrial: autoDraw = False
50.7215 	EXP 	tPause: text = 'Take a break as you needed. Press the space key when you are ready to resume\n Number of blocks completed: 1\n Number of blocks remaining:  2'
50.7215 	EXP 	tPause: autoDraw = True
52.9275 	DATA 	Keypress: escape
53.1327 	EXP 	window1: mouseVisible = True
